@COPYING
@COPYING.GPL
@COPYING.ART
@COPYRIGHT
@README
@NEWS
@INSTALL.unx
@INSTALL.vms
@INSTALL.pc
@UPGRADE.txt
@changes.txt
@configure 0755
@slang.lis
@autoconf/configure.in
@autoconf/install.sh 0755
@autoconf/mkinsdir.sh 0755
@autoconf/Makefile.in
@autoconf/config.sub 0755
@autoconf/config.guess 0755
# @autoconf/acsite.m4
@autoconf/aclocal.m4

@modules/Makefile.in
@modules/README
@modules/pcre-module.c
@modules/grep 0755
@modules/newt-module.c
@modules/newt.sl
@modules/smg-module.c
@modules/smg.sl
@modules/termios-module.c
@modules/select-module.c
@modules/fcntl-module.c
@modules/varray-module.c
@modules/varray.sl
@modules/template.c

@demo/README
@demo/pager.c
@demo/modules.unx
@demo/useropen.c
@demo/configure.in
@demo/configure 0755
@demo/Makefile.in
@demo/keypad.c
@demo/smgtest.c
@demo/demolib.c
@demo/Makefile.w32

@examples/assoc.sl
@examples/sort.sl
@examples/utmp.sl
@examples/prime.sl
@examples/life.sl
@examples/saveobj.sl

@slsh/slsh.c
@slsh/README
@slsh/INSTALL
@slsh/Makefile.in
@slsh/Makefile.g32
@slsh/lib/slsh.rc
@slsh/lib/arrayfuns.sl
@slsh/lib/autoload.sl
@slsh/lib/require.sl
@slsh/scripts/htmlstrip 0755
@slsh/scripts/lsrpm 0755
@slsh/scripts/ls 0755
@slsh/scripts/mv 0755
@slsh/scripts/purge 0755
@slsh/scripts/badlinks 0755

@doc/README
@doc/grammar.txt
@doc/text/cslang.txt
@doc/text/cref.txt
@doc/text/slang.txt
@doc/text/slangfun.txt
@doc/slangdoc.html

@doc/tm/slangfun.tm
@doc/tm/rtl/array.tm
@doc/tm/rtl/assoc.tm
@doc/tm/rtl/bstr.tm
@doc/tm/rtl/debug.tm
@doc/tm/rtl/eval.tm
@doc/tm/rtl/import.tm
@doc/tm/rtl/info.tm
@doc/tm/rtl/math.tm
@doc/tm/rtl/message.tm
@doc/tm/rtl/misc.tm
@doc/tm/rtl/ospath.tm
@doc/tm/rtl/posix.tm
@doc/tm/rtl/posio.tm
@doc/tm/rtl/stack.tm
@doc/tm/rtl/stdio.tm
@doc/tm/rtl/strops.tm
@doc/tm/rtl/struct.tm
@doc/tm/rtl/time.tm
@doc/tm/rtl/type.tm
@doc/tm/rtl/dir.tm
@doc/tm/rtl/tm-sort.sl 0755
@doc/tm/rtl/whatelse.sl 0755

@doc/tm/cref.tm
@doc/tm/cslang.tm
@doc/tm/slang.tm
@doc/tm/copyright.tm
@doc/tm/preface.tm
@doc/tm/regexp.tm
@doc/tm/fixtex.sl
@doc/tm/Makefile
@doc/tm/tools/sl2tm.c
@doc/tm/tools/tm2txt.c
@doc/tm/tools/Makefile
@doc/tm/tools/README

#@doc/OLD/README
#@doc/OLD/cslang.tex
#@doc/OLD/object.txt
#@doc/OLD/slang.how
#@doc/OLD/cslang.tex

@doc/internal/rpn.txt

@doc/OLD/help/README
@doc/OLD/help/makefile.djg
@doc/OLD/help/makefile.unx
@doc/OLD/help/makefile.os2
@doc/OLD/help/slang.hlp
@doc/OLD/help/slhelp.c


@src/calc.c
@src/calc.sl
@src/keywhash.c
@src/_slang.h
@src/sllimits.h
@src/slinclud.h
@src/jdmacros.h
@src/config.hin
@src/DESCRIP.MMS
@src/Makefile.in
@src/modules.unx
@src/slcmplex.c
@src/sltypes.c
@src/slstring.c
@src/slang.c
@src/slang.h
@src/sl-feat.h
@src/slstruct.c
@src/slistruc.c
@src/slassoc.c
@src/slarray.c
@src/slclass.c
@src/slcmd.c
@src/slconfig.h
@src/slcurses.h
@src/slcurses.c
@src/sldisply.c
@src/sldostty.c
@src/slerr.c
@src/slfile.c
@src/slgetkey.c
@src/slkeymap.c
@src/slkeypad.c
@src/slmalloc.c
@src/slarith.c
@src/slarith.inc
@src/slmath.c
@src/slarrfun.c
@src/slarrfun.inc
@src/slimport.c
@src/slmemchr.c
@src/slmemcmp.c
@src/slmemcpy.c
@src/slmemset.c
@src/slmisc.c
@src/slos2tty.c
@src/slparse.c
@src/slpath.c
@src/slregexp.c
@src/slrline.c
@src/slsearch.c
@src/slsmg.c
@src/slstd.c
@src/sltermin.c
@src/sltoken.c
@src/slutty.c
@src/slvideo.c
@src/slvmstty.c
@src/slw32tty.c
@src/slxstrng.c
@src/untic.c
@src/slprepr.c
@src/VMSMAKE.COM
@src/slscroll.c
@src/slsignal.c
@src/slerrno.c
@src/pcconf.c
@src/slcompat.c
@src/slposdir.c
@src/slstdio.c
@src/slproc.c
@src/sltime.c
@src/slstrops.c
@src/slscanf.c
@src/slbstr.c
@src/slpack.c
@src/slintall.c
@src/slposio.c
@src/slarrmis.c
@src/slnspace.c
@src/slospath.c
@src/slqsort.c

@src/mkfiles/makefile.all
@src/mkfiles/mkmake.c
*src/mkfiles/mkmake.exe
@src/mkfiles/README

@src/curses/README
@src/curses/Makefile
@src/curses/battle.c
@src/curses/blue.c
@src/curses/bs.c
@src/curses/firework.c
@src/curses/gdc.c
@src/curses/hanoi.c
@src/curses/knight.c
@src/curses/rain.c
@src/curses/tclock.c
@src/curses/view.c
@src/curses/worm.c

@src/util/perfhash.c
@src/util/keywords.lis
@src/util/bcdump.c
@src/util/chkproto.c

@src/test/README
@src/test/Makefile
@src/test/sltest.c
@src/test/arith.sl
@src/test/array.sl
@src/test/assoc.sl
@src/test/bstring.sl
@src/test/inc.sl
@src/test/loops.sl
@src/test/pack.sl
@src/test/prep.sl
@src/test/selfload.sl
@src/test/stdio.sl
@src/test/struct.sl
@src/test/template.sl
@src/test/posixio.sl
@src/test/syntax.sl
@src/test/nspace.sl
@src/test/nspace2.sl
@src/test/strops.sl
@src/test/ifeval.sl
@src/test/ospath.sl
@src/test/anytype.sl
@src/test/arrmult.sl
@src/test/sscanf.sl
@src/test/ns1.inc
@src/test/ns2.inc
